android_app/app/build/intermediates/manifest_merge_blame_file/debug/processDebugMainManifest/manifest-merger-blame-debug-report.txt
1<?xml version="1.0" encoding="utf-8"?>
2<manifest xmlns:android="http://schemas.android.com/apk/res/android"
3    package="com.pranav.voicedepth"
4    android:versionCode="1"
5    android:versionName="1.0" >
6
7    <uses-sdk
8        android:minSdkVersion="24"
9        android:targetSdkVersion="34" />
10
11    <uses-permission android:name="android.permission.CAMERA" />
11-->src/main/AndroidManifest.xml:4:5-65
11-->src/main/AndroidManifest.xml:4:22-62
12    <uses-permission android:name="android.permission.INTERNET" />
12-->src/main/AndroidManifest.xml:5:5-67
12-->src/main/AndroidManifest.xml:5:22-64
13    <uses-permission android:name="android.permission.ACCESS_NETWORK_STATE" />
13-->src/main/AndroidManifest.xml:6:5-79
13-->src/main/AndroidManifest.xml:6:22-76
14    <uses-permission android:name="android.permission.ACCESS_WIFI_STATE" />
14-->src/main/AndroidManifest.xml:7:5-76
14-->src/main/AndroidManifest.xml:7:22-73
15    <uses-permission android:name="android.permission.FOREGROUND_SERVICE" />
15-->src/main/AndroidManifest.xml:8:5-77
15-->src/main/AndroidManifest.xml:8:22-74
16    <uses-permission android:name="android.permission.FOREGROUND_SERVICE_CAMERA" />
16-->src/main/AndroidManifest.xml:9:5-84
16-->src/main/AndroidManifest.xml:9:22-81
17    <uses-permission android:name="android.permission.POST_NOTIFICATIONS" />
17-->src/main/AndroidManifest.xml:10:5-77
17-->src/main/AndroidManifest.xml:10:22-74
18
19    <uses-feature android:name="android.hardware.camera" />
19-->src/main/AndroidManifest.xml:12:5-60
19-->src/main/AndroidManifest.xml:12:19-57
20    <uses-feature android:name="android.hardware.camera.autofocus" />
20-->src/main/AndroidManifest.xml:13:5-70
20-->src/main/AndroidManifest.xml:13:19-67
21    <uses-feature
21-->src/main/AndroidManifest.xml:14:5-91
22        android:name="android.software.depth_static"
22-->src/main/AndroidManifest.xml:14:19-63
23        android:required="false" />
23-->src/main/AndroidManifest.xml:14:64-88
24
25    <permission
25-->[androidx.core:core:1.12.0] AndroidManifest.xml:22:5-24:47
26        android:name="com.pranav.voicedepth.DYNAMIC_RECEIVER_NOT_EXPORTED_PERMISSION"
26-->[androidx.core:core:1.12.0] AndroidManifest.xml:23:9-81
27        android:protectionLevel="signature" />
27-->[androidx.core:core:1.12.0] AndroidManifest.xml:24:9-44
28
29    <uses-permission android:name="com.pranav.voicedepth.DYNAMIC_RECEIVER_NOT_EXPORTED_PERMISSION" />
29-->[androidx.core:core:1.12.0] AndroidManifest.xml:26:5-97
29-->[androidx.core:core:1.12.0] AndroidManifest.xml:26:22-94
30
31    <queries>
31-->[com.google.ar:core:1.41.0] AndroidManifest.xml:20:5-27:15
32        <package android:name="com.google.ar.core" />
32-->[com.google.ar:core:1.41.0] AndroidManifest.xml:21:9-54
32-->[com.google.ar:core:1.41.0] AndroidManifest.xml:21:18-51
33        <package android:name="com.android.vending" />
33-->[com.google.ar:core:1.41.0] AndroidManifest.xml:22:9-55
33-->[com.google.ar:core:1.41.0] AndroidManifest.xml:22:18-52
34
35        <intent>
35-->[com.google.ar:core:1.41.0] AndroidManifest.xml:24:9-26:18
36            <action android:name="com.google.android.play.core.install.BIND_INSTALL_SERVICE" />
36-->[com.google.ar:core:1.41.0] AndroidManifest.xml:25:13-96
36-->[com.google.ar:core:1.41.0] AndroidManifest.xml:25:21-93
37        </intent>
38    </queries>
39
40    <application
40-->src/main/AndroidManifest.xml:16:5-37:19
41        android:allowBackup="true"
41-->src/main/AndroidManifest.xml:17:9-35
42        android:appComponentFactory="androidx.core.app.CoreComponentFactory"
42-->[androidx.core:core:1.12.0] AndroidManifest.xml:28:18-86
43        android:debuggable="true"
44        android:extractNativeLibs="false"
45        android:icon="@mipmap/ic_launcher"
45-->src/main/AndroidManifest.xml:18:9-43
46        android:label="@string/app_name"
46-->src/main/AndroidManifest.xml:19:9-41
47        android:roundIcon="@mipmap/ic_launcher_round"
47-->src/main/AndroidManifest.xml:20:9-54
48        android:supportsRtl="true"
48-->src/main/AndroidManifest.xml:21:9-35
49        android:theme="@style/Theme.VoiceDepth" >
49-->src/main/AndroidManifest.xml:22:9-48
50        <activity
50-->src/main/AndroidManifest.xml:23:9-30:20
51            android:name="com.pranav.voicedepth.MainActivity"
51-->src/main/AndroidManifest.xml:24:13-41
52            android:exported="true" >
52-->src/main/AndroidManifest.xml:25:13-36
53            <intent-filter>
53-->src/main/AndroidManifest.xml:26:13-29:29
54                <action android:name="android.intent.action.MAIN" />
54-->src/main/AndroidManifest.xml:27:17-69
54-->src/main/AndroidManifest.xml:27:25-66
55
56                <category android:name="android.intent.category.LAUNCHER" />
56-->src/main/AndroidManifest.xml:28:17-77
56-->src/main/AndroidManifest.xml:28:27-74
57            </intent-filter>
58        </activity>
59
60        <service
60-->src/main/AndroidManifest.xml:32:9-36:54
61            android:name="com.pranav.voicedepth.DepthStreamService"
61-->src/main/AndroidManifest.xml:33:13-47
62            android:enabled="true"
62-->src/main/AndroidManifest.xml:34:13-35
63            android:exported="false"
63-->src/main/AndroidManifest.xml:35:13-37
64            android:foregroundServiceType="camera" />
64-->src/main/AndroidManifest.xml:36:13-51
65
66        <provider
66-->[androidx.emoji2:emoji2:1.2.0] AndroidManifest.xml:24:9-32:20
67            android:name="androidx.startup.InitializationProvider"
67-->[androidx.emoji2:emoji2:1.2.0] AndroidManifest.xml:25:13-67
68            android:authorities="com.pranav.voicedepth.androidx-startup"
68-->[androidx.emoji2:emoji2:1.2.0] AndroidManifest.xml:26:13-68
69            android:exported="false" >
69-->[androidx.emoji2:emoji2:1.2.0] AndroidManifest.xml:27:13-37
70            <meta-data
70-->[androidx.emoji2:emoji2:1.2.0] AndroidManifest.xml:29:13-31:52
71                android:name="androidx.emoji2.text.EmojiCompatInitializer"
71-->[androidx.emoji2:emoji2:1.2.0] AndroidManifest.xml:30:17-75
72                android:value="androidx.startup" />
72-->[androidx.emoji2:emoji2:1.2.0] AndroidManifest.xml:31:17-49
73            <meta-data
73-->[androidx.lifecycle:lifecycle-process:2.6.1] AndroidManifest.xml:29:13-31:52
74                android:name="androidx.lifecycle.ProcessLifecycleInitializer"
74-->[androidx.lifecycle:lifecycle-process:2.6.1] AndroidManifest.xml:30:17-78
75                android:value="androidx.startup" />
75-->[androidx.lifecycle:lifecycle-process:2.6.1] AndroidManifest.xml:31:17-49
76            <meta-data
76-->[androidx.profileinstaller:profileinstaller:1.3.0] AndroidManifest.xml:29:13-31:52
77                android:name="androidx.profileinstaller.ProfileInstallerInitializer"
77-->[androidx.profileinstaller:profileinstaller:1.3.0] AndroidManifest.xml:30:17-85
78                android:value="androidx.startup" />
78-->[androidx.profileinstaller:profileinstaller:1.3.0] AndroidManifest.xml:31:17-49
79        </provider> <!-- The minimal version code of ARCore APK required for an app using this SDK. -->
80        <meta-data
80-->[com.google.ar:core:1.41.0] AndroidManifest.xml:32:9-34:41
81            android:name="com.google.ar.core.min_apk_version"
81-->[com.google.ar:core:1.41.0] AndroidManifest.xml:33:13-62
82            android:value="232620000" /> <!-- This activity is critical for installing ARCore when it is not already present. -->
82-->[com.google.ar:core:1.41.0] AndroidManifest.xml:34:13-38
83        <activity
83-->[com.google.ar:core:1.41.0] AndroidManifest.xml:36:9-42:80
84            android:name="com.google.ar.core.InstallActivity"
84-->[com.google.ar:core:1.41.0] AndroidManifest.xml:37:13-62
85            android:configChanges="keyboardHidden|orientation|screenSize"
85-->[com.google.ar:core:1.41.0] AndroidManifest.xml:38:13-74
86            android:excludeFromRecents="true"
86-->[com.google.ar:core:1.41.0] AndroidManifest.xml:39:13-46
87            android:exported="false"
87-->[com.google.ar:core:1.41.0] AndroidManifest.xml:40:13-37
88            android:launchMode="singleTop"
88-->[com.google.ar:core:1.41.0] AndroidManifest.xml:41:13-43
89            android:theme="@android:style/Theme.Material.Light.Dialog.Alert" />
89-->[com.google.ar:core:1.41.0] AndroidManifest.xml:42:13-77
90
91        <receiver
91-->[androidx.profileinstaller:profileinstaller:1.3.0] AndroidManifest.xml:34:9-52:20
92            android:name="androidx.profileinstaller.ProfileInstallReceiver"
92-->[androidx.profileinstaller:profileinstaller:1.3.0] AndroidManifest.xml:35:13-76
93            android:directBootAware="false"
93-->[androidx.profileinstaller:profileinstaller:1.3.0] AndroidManifest.xml:36:13-44
94            android:enabled="true"
94-->[androidx.profileinstaller:profileinstaller:1.3.0] AndroidManifest.xml:37:13-35
95            android:exported="true"
95-->[androidx.profileinstaller:profileinstaller:1.3.0] AndroidManifest.xml:38:13-36
96            android:permission="android.permission.DUMP" >
96-->[androidx.profileinstaller:profileinstaller:1.3.0] AndroidManifest.xml:39:13-57
97            <intent-filter>
97-->[androidx.profileinstaller:profileinstaller:1.3.0] AndroidManifest.xml:40:13-42:29
98                <action android:name="androidx.profileinstaller.action.INSTALL_PROFILE" />
98-->[androidx.profileinstaller:profileinstaller:1.3.0] AndroidManifest.xml:41:17-91
98-->[androidx.profileinstaller:profileinstaller:1.3.0] AndroidManifest.xml:41:25-88
99            </intent-filter>
100            <intent-filter>
100-->[androidx.profileinstaller:profileinstaller:1.3.0] AndroidManifest.xml:43:13-45:29
101                <action android:name="androidx.profileinstaller.action.SKIP_FILE" />
101-->[androidx.profileinstaller:profileinstaller:1.3.0] AndroidManifest.xml:44:17-85
101-->[androidx.profileinstaller:profileinstaller:1.3.0] AndroidManifest.xml:44:25-82
102            </intent-filter>
103            <intent-filter>
103-->[androidx.profileinstaller:profileinstaller:1.3.0] AndroidManifest.xml:46:13-48:29
104                <action android:name="androidx.profileinstaller.action.SAVE_PROFILE" />
104-->[androidx.profileinstaller:profileinstaller:1.3.0] AndroidManifest.xml:47:17-88
104-->[androidx.profileinstaller:profileinstaller:1.3.0] AndroidManifest.xml:47:25-85
105            </intent-filter>
106            <intent-filter>
106-->[androidx.profileinstaller:profileinstaller:1.3.0] AndroidManifest.xml:49:13-51:29
107                <action android:name="androidx.profileinstaller.action.BENCHMARK_OPERATION" />
107-->[androidx.profileinstaller:profileinstaller:1.3.0] AndroidManifest.xml:50:17-95
107-->[androidx.profileinstaller:profileinstaller:1.3.0] AndroidManifest.xml:50:25-92
108            </intent-filter>
109        </receiver>
110    </application>
111
112</manifest>